Jan 05 14:32 : exception: Failed to open '/home/saimoom/.mpd/mpdstate': No such file or directory
Jan 05 14:32 : config: option 'device' on line 13 was not recognized
Jan 05 14:32 : update: added /arab.mp3
Jan 05 14:32 : update: added /helikopter.mp3
Jan 05 14:32 : update: added /Stay.mp3
Jan 05 14:32 : update: added /Happy-new-year-bangla.mp3
Jan 05 14:32 : update: added /On&on.mp3
Jan 05 14:32 : update: added /why-we-lose.mp3
Jan 05 14:32 : update: added /Manike-hindi.mp3
Jan 05 14:32 : update: added /Rolispo-jumble.mp3
Jan 05 14:32 : update: added /Manike-bangla.mp3
Jan 05 14:32 : update: added /fly-away.mp3
Jan 05 14:32 : update: added /sweet-dreams.mp3
Jan 05 14:32 : update: added /hawai.mp3
Jan 05 14:32 : update: added /arab2.mp3
Jan 05 14:32 : update: added /Heroes-tonight.mp3
Jan 05 14:32 : update: added /NAW NAW.mp3
Jan 05 14:32 : update: added /Your-new-boyfriend.mp3
Jan 05 14:32 : update: added /জসট পরকটস.mp3
Jan 05 14:32 : config: option 'device' on line 13 was not recognized
Jan 05 14:34 : config: option 'device' on line 13 was not recognized
Jan 05 14:36 : config: option 'device' on line 13 was not recognized
Jan 05 14:38 : config: option 'device' on line 13 was not recognized
Jan 05 14:41 : config: option 'device' on line 13 was not recognized
Jan 05 14:48 : player: played "Heroes-tonight.mp3"
Jan 05 14:51 : player: played "Manike-bangla.mp3"
Jan 05 14:54 : player: played "Manike-bangla.mp3"
Jan 05 14:55 : player: played "Manike-hindi.mp3"
Jan 05 15:02 : player: played "Manike-bangla.mp3"
Jan 05 15:03 : player: played "Manike-hindi.mp3"
Jan 05 15:05 : player: played "Manike-bangla.mp3"
Jan 05 15:07 : player: played "Manike-bangla.mp3"
Jan 05 15:08 : player: played "Manike-bangla.mp3"
Jan 05 15:15 : player: played "Manike-bangla.mp3"
Jan 05 15:38 : player: played "On&on.mp3"
Jan 05 15:41 : player: played "Rolispo-jumble.mp3"
Jan 05 15:43 : player: played "Stay.mp3"
Jan 05 15:46 : player: played "Stay.mp3"
Jan 05 15:49 : player: played "sweet-dreams.mp3"
Jan 05 15:52 : player: played "why-we-lose.mp3"
Jan 05 15:56 : player: played "Your-new-boyfriend.mp3"
Jan 05 15:59 : player: played "Stay.mp3"
Jan 05 16:00 : player: played "Stay.mp3"
Jan 05 16:01 : player: played "Stay.mp3"
Jan 05 16:08 : player: played "Stay.mp3"
Jan 05 16:11 : player: played "sweet-dreams.mp3"
Jan 05 16:14 : player: played "Heroes-tonight.mp3"
Jan 05 16:19 : player: played "Heroes-tonight.mp3"
Jan 05 16:22 : player: played "Manike-bangla.mp3"
Jan 05 16:23 : player: played "Stay.mp3"
Jan 05 16:24 : player: played "Stay.mp3"
Jan 05 16:25 : player: played "Stay.mp3"
Jan 05 16:28 : player: played "sweet-dreams.mp3"
Jan 05 16:29 : player: played "Stay.mp3"
Jan 05 16:32 : player: played "Stay.mp3"
Jan 05 16:32 : player: played "Stay.mp3"
Jan 05 16:33 : player: played "Stay.mp3"
Jan 05 16:33 : player: played "sweet-dreams.mp3"
Jan 05 16:36 : player: played "sweet-dreams.mp3"
Jan 05 16:36 : player: played "sweet-dreams.mp3"
Jan 05 16:36 : player: played "Stay.mp3"
Jan 05 16:37 : player: played "Stay.mp3"
Jan 05 16:38 : player: played "Stay.mp3"
Jan 05 16:39 : player: played "sweet-dreams.mp3"
Jan 05 16:39 : player: played "sweet-dreams.mp3"
Jan 05 16:42 : player: played "Stay.mp3"
Jan 05 16:43 : player: played "Stay.mp3"
Jan 05 16:46 : player: played "sweet-dreams.mp3"
Jan 05 16:49 : player: played "why-we-lose.mp3"
Jan 05 16:53 : player: played "Your-new-boyfriend.mp3"
Jan 05 16:57 : player: played "Heroes-tonight.mp3"
Jan 05 17:02 : player: played "Heroes-tonight.mp3"
Jan 05 17:05 : player: played "Stay.mp3"
Jan 05 17:08 : player: played "fly-away.mp3"
Jan 05 17:13 : player: played "hawai.mp3"
Jan 05 17:17 : player: played "Heroes-tonight.mp3"
Jan 05 17:20 : player: played "Manike-bangla.mp3"
Jan 05 17:23 : player: played "Stay.mp3"
Jan 05 17:26 : player: played "sweet-dreams.mp3"
Jan 05 17:26 : player: played "sweet-dreams.mp3"
Jan 05 17:37 : player: played "Stay.mp3"
Jan 05 17:41 : player: played "sweet-dreams.mp3"
Jan 05 18:16 : player: played "sweet-dreams.mp3"
Jan 05 18:18 : player: played "Stay.mp3"
Jan 05 18:20 : player: played "Stay.mp3"
Jan 05 18:23 : player: played "sweet-dreams.mp3"
Jan 05 18:26 : player: played "Stay.mp3"
Jan 05 18:29 : player: played "sweet-dreams.mp3"
Jan 05 18:32 : player: played "Stay.mp3"
Jan 05 18:35 : player: played "sweet-dreams.mp3"
Jan 05 18:41 : player: played "Stay.mp3"
Jan 05 18:43 : player: played "Stay.mp3"
Jan 05 18:47 : player: played "Heroes-tonight.mp3"
Jan 05 18:49 : player: played "NAW NAW.mp3"
Jan 05 18:52 : player: played "On&on.mp3"
Jan 05 19:02 : player: played "Stay.mp3"
Jan 05 19:04 : player: played "Stay.mp3"
Jan 05 19:09 : player: played "Stay.mp3"
Jan 05 19:21 : player: played "arab.mp3"
Jan 05 19:24 : player: played "NAW NAW.mp3"
Jan 05 19:28 : player: played "On&on.mp3"
Jan 05 19:30 : player: played "Stay.mp3"
Jan 05 19:35 : player: played "Rolispo-jumble.mp3"
Jan 05 19:38 : player: played "Stay.mp3"
Jan 05 19:42 : player: played "Stay.mp3"
Jan 05 19:45 : player: played "sweet-dreams.mp3"
Jan 05 19:49 : player: played "why-we-lose.mp3"
ALSA lib pcm_dmix.c:1032:(snd_pcm_dmix_open) unable to open slave
Jan 05 19:56 : exception: Failed to open "MySound" (alsa); Failed to open ALSA device "default": Device or resource busy
Jan 05 20:01 : player: played "Your-new-boyfriend.mp3"
Jan 05 20:06 : player: played "Stay.mp3"
Jan 05 20:08 : player: played "sweet-dreams.mp3"
Jan 05 20:09 : player: played "sweet-dreams.mp3"
Jan 05 20:10 : player: played "why-we-lose.mp3"
Jan 05 20:10 : player: played "why-we-lose.mp3"
Jan 05 20:11 : player: played "why-we-lose.mp3"
Jan 05 20:11 : player: played "why-we-lose.mp3"
Jan 05 20:11 : player: played "why-we-lose.mp3"
Jan 05 20:19 : player: played "Stay.mp3"
Jan 05 20:20 : player: played "arab.mp3"
Jan 05 20:57 : player: played "Stay.mp3"
Jan 05 21:00 : player: played "Stay.mp3"
Jan 05 21:02 : player: played "Stay.mp3"
Jan 05 21:04 : player: played "Stay.mp3"
Jan 05 21:07 : player: played "Stay.mp3"
Jan 05 21:09 : player: played "Stay.mp3"
Jan 05 21:11 : player: played "Stay.mp3"
Jan 05 21:14 : player: played "Stay.mp3"
Jan 05 21:15 : player: played "Stay.mp3"
Jan 05 21:27 : player: played "Stay.mp3"
Jan 05 21:30 : player: played "Stay.mp3"
Jan 05 21:32 : player: played "Stay.mp3"
Jan 05 21:34 : player: played "Stay.mp3"
Jan 05 21:37 : player: played "Stay.mp3"
Jan 05 21:37 : player: played "Stay.mp3"
Jan 05 23:13 : player: played "Stay.mp3"
Jan 05 23:15 : player: played "Stay.mp3"
Jan 05 23:20 : player: played "Heroes-tonight.mp3"
Jan 05 23:23 : player: played "Heroes-tonight.mp3"
Jan 05 23:27 : player: played "Heroes-tonight.mp3"
Jan 05 23:30 : player: played "Heroes-tonight.mp3"
Jan 05 23:34 : player: played "Heroes-tonight.mp3"
Jan 05 23:37 : player: played "Heroes-tonight.mp3"
ALSA lib pcm_dmix.c:1032:(snd_pcm_dmix_open) unable to open slave
Jan 05 23:57 : exception: Failed to open "MySound" (alsa); Failed to open ALSA device "default": Device or resource busy
Jan 06 00:07 : player: played "Stay.mp3"
Jan 06 00:09 : player: played "Stay.mp3"
Jan 06 00:11 : player: played "Stay.mp3"
Jan 06 00:14 : player: played "Stay.mp3"
Jan 06 00:16 : player: played "Stay.mp3"
Jan 06 00:18 : player: played "Stay.mp3"
Jan 06 00:21 : player: played "Stay.mp3"
Jan 06 00:23 : player: played "Stay.mp3"
Jan 06 00:30 : player: played "Stay.mp3"
Jan 06 00:32 : player: played "Stay.mp3"
Jan 06 00:35 : player: played "Stay.mp3"
Jan 06 00:37 : player: played "Stay.mp3"
Jan 06 00:38 : player: played "Stay.mp3"
Jan 06 10:02 : player: played "Stay.mp3"
Jan 06 10:04 : player: played "Stay.mp3"
Jan 06 10:07 : player: played "Stay.mp3"
Jan 06 10:08 : player: played "Stay.mp3"
Jan 06 10:10 : player: played "Stay.mp3"
Jan 06 10:14 : player: played "Heroes-tonight.mp3"
Jan 06 10:14 : player: played "Heroes-tonight.mp3"
Jan 06 10:17 : player: played "Stay.mp3"
Jan 06 10:21 : player: played "why-we-lose.mp3"
Jan 06 10:25 : player: played "Your-new-boyfriend.mp3"
Jan 06 03:02 : player: played "Your-new-boyfriend.mp3"
Jan 06 03:14 : player: played "helikopter.mp3"
Jan 06 06:06 : player: played "Stay.mp3"
Jan 06 06:09 : player: played "Stay.mp3"
Jan 06 06:11 : player: played "Stay.mp3"
Jan 06 06:13 : player: played "Stay.mp3"
Jan 06 06:16 : player: played "Stay.mp3"
Jan 06 06:18 : player: played "Stay.mp3"
Jan 06 06:20 : player: played "Stay.mp3"
Jan 06 06:23 : player: played "Stay.mp3"
Jan 06 06:25 : player: played "Stay.mp3"
Jan 06 06:29 : player: played "Your-new-boyfriend.mp3"
Jan 06 06:33 : player: played "Your-new-boyfriend.mp3"
Jan 06 06:36 : player: played "Your-new-boyfriend.mp3"
Jan 06 06:36 : player: played "Your-new-boyfriend.mp3"
Jan 06 09:29 : player: played "Stay.mp3"
Jan 06 09:31 : player: played "Stay.mp3"
Jan 06 09:33 : player: played "Stay.mp3"
Jan 06 09:36 : player: played "Stay.mp3"
Jan 06 09:38 : player: played "Stay.mp3"
Jan 06 09:40 : player: played "Stay.mp3"
Jan 06 09:43 : player: played "Stay.mp3"
Jan 06 09:45 : player: played "Stay.mp3"
Jan 06 09:47 : player: played "Stay.mp3"
Jan 06 09:50 : player: played "Stay.mp3"
Jan 06 09:52 : player: played "Stay.mp3"
Jan 06 09:54 : player: played "Stay.mp3"
Jan 06 09:57 : player: played "Stay.mp3"
Jan 06 09:59 : player: played "Stay.mp3"
Jan 06 10:01 : player: played "Stay.mp3"
Jan 06 10:04 : player: played "Stay.mp3"
Jan 06 10:06 : player: played "Stay.mp3"
Jan 06 10:08 : player: played "Stay.mp3"
Jan 06 10:11 : player: played "Stay.mp3"
Jan 06 10:13 : player: played "Stay.mp3"
Jan 06 10:15 : player: played "Stay.mp3"
Jan 06 10:17 : player: played "Stay.mp3"
Jan 06 10:20 : player: played "Stay.mp3"
Jan 06 10:22 : player: played "Stay.mp3"
Jan 06 10:24 : player: played "Stay.mp3"
Jan 06 10:27 : player: played "Stay.mp3"
Jan 06 10:29 : player: played "Stay.mp3"
Jan 06 10:31 : player: played "Stay.mp3"
Jan 06 10:34 : player: played "Stay.mp3"
Jan 06 10:36 : player: played "Stay.mp3"
Jan 06 10:38 : player: played "Stay.mp3"
Jan 06 10:43 : player: played "Your-new-boyfriend.mp3"
Jan 06 10:47 : player: played "Your-new-boyfriend.mp3"
Jan 06 10:51 : player: played "Your-new-boyfriend.mp3"
Jan 06 10:55 : player: played "Your-new-boyfriend.mp3"
Jan 06 10:58 : player: played "Your-new-boyfriend.mp3"
Jan 06 11:02 : player: played "On&on.mp3"
Jan 06 11:06 : player: played "Stay.mp3"
Jan 06 11:08 : player: played "Stay.mp3"
Jan 06 11:14 : player: played "why-we-lose.mp3"
Jan 06 11:17 : player: played "why-we-lose.mp3"
Jan 06 11:21 : player: played "why-we-lose.mp3"
Jan 06 11:26 : player: played "Your-new-boyfriend.mp3"
Jan 06 11:30 : player: played "Your-new-boyfriend.mp3"
Jan 06 11:33 : player: played "Your-new-boyfriend.mp3"
Jan 06 11:37 : player: played "Your-new-boyfriend.mp3"
Jan 06 11:41 : player: played "Your-new-boyfriend.mp3"
Jan 06 11:45 : player: played "Your-new-boyfriend.mp3"
Jan 06 11:48 : player: played "Your-new-boyfriend.mp3"
Jan 06 11:52 : player: played "Your-new-boyfriend.mp3"
Jan 06 11:56 : player: played "Your-new-boyfriend.mp3"
Jan 06 12:00 : player: played "Your-new-boyfriend.mp3"
Jan 09 03:51 : player: played "Your-new-boyfriend.mp3"
Jan 09 03:54 : player: played "Stay.mp3"
Jan 09 03:56 : player: played "Stay.mp3"
Jan 09 03:58 : player: played "Stay.mp3"
Jan 09 04:01 : player: played "Stay.mp3"
Jan 09 04:03 : player: played "Stay.mp3"
Jan 09 04:05 : player: played "Stay.mp3"
Jan 09 04:08 : player: played "Stay.mp3"
Jan 09 04:10 : player: played "Stay.mp3"
Jan 09 04:10 : player: played "Stay.mp3"
Jan 09 04:16 : player: played "Stay.mp3"
Jan 09 04:22 : player: played "Heroes-tonight.mp3"
Jan 09 04:26 : player: played "Heroes-tonight.mp3"
Jan 09 04:29 : player: played "Heroes-tonight.mp3"
Jan 09 04:33 : player: played "Heroes-tonight.mp3"
Jan 09 04:36 : player: played "Heroes-tonight.mp3"
Jan 09 06:43 : player: played "Stay.mp3"
Jan 09 07:01 : player: played "Stay.mp3"
Jan 09 07:03 : player: played "Stay.mp3"
Jan 09 07:06 : player: played "Stay.mp3"
Jan 09 07:08 : player: played "Stay.mp3"
Jan 09 07:10 : player: played "Stay.mp3"
Jan 09 07:13 : player: played "Stay.mp3"
Jan 09 07:15 : player: played "Stay.mp3"
Jan 09 07:15 : player: played "Stay.mp3"
ALSA lib pcm_dmix.c:1032:(snd_pcm_dmix_open) unable to open slave
Jan 09 07:15 : exception: Failed to open "MySound" (alsa); Failed to open ALSA device "default": Device or resource busy
Jan 09 07:18 : player: played "Stay.mp3"
Jan 09 07:20 : player: played "Stay.mp3"
Jan 09 07:22 : player: played "Stay.mp3"
Jan 09 07:25 : player: played "Stay.mp3"
Jan 09 07:27 : player: played "Stay.mp3"
Jan 09 07:30 : player: played "Stay.mp3"
Jan 09 07:32 : player: played "Stay.mp3"
Jan 09 07:34 : player: played "Stay.mp3"
Jan 09 07:37 : player: played "Stay.mp3"
Jan 09 07:39 : player: played "Stay.mp3"
Jan 09 07:45 : player: played "Heroes-tonight.mp3"
Jan 09 07:48 : player: played "Heroes-tonight.mp3"
Jan 09 07:52 : player: played "Heroes-tonight.mp3"
Jan 09 07:57 : player: played "Stay.mp3"
Jan 09 07:59 : player: played "Stay.mp3"
Jan 09 08:01 : player: played "Stay.mp3"
Jan 09 08:04 : player: played "Stay.mp3"
Jan 09 08:06 : player: played "Stay.mp3"
Jan 09 08:08 : player: played "Stay.mp3"
Jan 09 08:12 : player: played "Stay.mp3"
Jan 09 08:14 : player: played "Stay.mp3"
Jan 09 08:17 : player: played "Stay.mp3"
Jan 09 08:19 : player: played "Stay.mp3"
Jan 11 06:27 : player: played "Stay.mp3"
Jan 11 06:29 : player: played "Stay.mp3"
Jan 12 06:14 : player: played "Stay.mp3"
Jan 12 06:17 : player: played "Stay.mp3"
Jan 12 06:25 : player: played "Your-new-boyfriend.mp3"
Jan 12 06:28 : player: played "Your-new-boyfriend.mp3"
Jan 12 06:32 : player: played "Your-new-boyfriend.mp3"
Jan 12 06:36 : player: played "Your-new-boyfriend.mp3"
Jan 12 06:40 : player: played "Your-new-boyfriend.mp3"
Jan 12 06:44 : player: played "Your-new-boyfriend.mp3"
Jan 12 06:49 : player: played "On&on.mp3"
Jan 12 06:53 : player: played "On&on.mp3"
Jan 12 06:56 : player: played "On&on.mp3"
Jan 12 07:00 : player: played "On&on.mp3"
Jan 12 07:16 : exception: No such playlist
Jan 12 07:17 : exception: No such playlist
Jan 12 07:20 : player: played "On&on.mp3"
Jan 12 07:20 : playlist: No playlist in state file
Jan 12 07:24 : update: removing arab.mp3
Jan 12 07:24 : update: removing Happy-new-year-bangla.mp3
Jan 12 07:24 : update: removing fly-away.mp3
Jan 12 07:24 : update: removing arab2.mp3
Jan 12 07:24 : update: removing helikopter.mp3
Jan 12 07:24 : update: removing hawai.mp3
Jan 12 07:24 : update: removing sweet-dreams.mp3
Jan 12 07:24 : update: removing why-we-lose.mp3
Jan 12 07:24 : update: removing জসট পরকটস.mp3
Jan 12 07:25 : update: removing Your-new-boyfriend.mp3
Jan 12 07:27 : player: played "Heroes-tonight.mp3"
Jan 12 07:38 : player: played "Heroes-tonight.mp3"
Jan 12 07:38 : update: removing Manike-bangla.mp3
Jan 12 07:38 : update: removing Rolispo-jumble.mp3
Jan 12 07:38 : update: removing Manike-hindi.mp3
Jan 12 07:38 : update: added /jumble.mp3
Jan 12 07:38 : update: added /your new boyfriend.mp3
Jan 12 07:38 : update: updating /On&on.mp3
Jan 12 07:38 : update: added /why we lose.mp3
Jan 12 07:38 : update: added /Feel good.mp3
Jan 12 07:38 : update: added /the calling.mp3
Jan 12 07:38 : update: added /we'll meet again.mp3
Jan 12 07:40 : player: played "On&on.mp3"
Jan 12 09:08 : player: played "On&on.mp3"
Jan 12 09:21 : player: played "On&on.mp3"
Jan 12 09:23 : player: played "On&on.mp3"
Jan 12 09:25 : player: played "On&on.mp3"
Jan 12 09:28 : player: played "On&on.mp3"
Jan 12 09:48 : player: played "On&on.mp3"
Jan 12 09:52 : player: played "On&on.mp3"
Jan 12 09:55 : player: played "On&on.mp3"
Jan 12 10:03 : player: played "why we lose.mp3"
Jan 12 10:14 : player: played "On&on.mp3"
Jan 12 10:18 : player: played "On&on.mp3"
Jan 12 10:21 : player: played "On&on.mp3"
Jan 12 10:25 : player: played "On&on.mp3"
Jan 12 10:26 : player: played "On&on.mp3"
Jan 12 10:30 : player: played "On&on.mp3"
Jan 12 10:33 : player: played "On&on.mp3"
Jan 12 10:39 : player: played "Stay.mp3"
Jan 12 10:41 : player: played "Stay.mp3"
Jan 12 10:47 : player: played "the calling.mp3"
Jan 12 11:04 : player: played "we'll meet again.mp3"
Jan 12 11:08 : player: played "jumble.mp3"
Jan 12 11:09 : player: played "jumble.mp3"
Jan 12 11:12 : player: played "jumble.mp3"
Jan 12 11:14 : player: played "jumble.mp3"
Jan 12 11:27 : player: played "Stay.mp3"
Jan 12 11:29 : player: played "Stay.mp3"
Jan 12 11:31 : player: played "Stay.mp3"
Jan 12 11:34 : player: played "Stay.mp3"
Jan 12 11:36 : player: played "Stay.mp3"
Jan 12 11:38 : player: played "Stay.mp3"
Jan 12 11:41 : player: played "Stay.mp3"
Jan 12 11:43 : player: played "Stay.mp3"
Jan 12 11:45 : player: played "Stay.mp3"
Jan 12 11:48 : player: played "Stay.mp3"
Jan 12 11:50 : player: played "Stay.mp3"
Jan 12 11:52 : player: played "Stay.mp3"
Jan 12 11:53 : player: played "the calling.mp3"
Jan 12 12:04 : player: played "the calling.mp3"
Jan 12 12:08 : player: played "the calling.mp3"
Jan 12 12:12 : player: played "the calling.mp3"
Jan 12 12:16 : player: played "Stay.mp3"
Jan 12 12:19 : player: played "Stay.mp3"
Jan 12 12:24 : player: played "Heroes-tonight.mp3"
Jan 12 12:28 : player: played "Heroes-tonight.mp3"
Jan 12 12:31 : player: played "Heroes-tonight.mp3"
Jan 12 12:35 : player: played "Heroes-tonight.mp3"
Jan 12 12:38 : player: played "Heroes-tonight.mp3"
Jan 12 12:42 : player: played "Heroes-tonight.mp3"
Jan 12 12:44 : player: played "Heroes-tonight.mp3"
Jan 13 03:40 : player: played "Heroes-tonight.mp3"
Jan 13 05:59 : player: played "Heroes-tonight.mp3"
Jan 13 06:02 : player: played "Heroes-tonight.mp3"
Jan 13 06:06 : player: played "Heroes-tonight.mp3"
Jan 13 06:23 : player: played "Heroes-tonight.mp3"
Jan 13 06:26 : player: played "Heroes-tonight.mp3"
Jan 13 06:30 : player: played "Heroes-tonight.mp3"
Jan 13 06:32 : player: played "Heroes-tonight.mp3"
Jan 13 06:33 : player: played "Heroes-tonight.mp3"
Jan 13 06:33 : player: played "Heroes-tonight.mp3"
Jan 13 06:33 : player: played "Heroes-tonight.mp3"
Jan 13 06:39 : player: played "Stay.mp3"
Jan 13 06:41 : player: played "Stay.mp3"
Jan 13 06:44 : player: played "Stay.mp3"
Jan 13 06:46 : player: played "Stay.mp3"
Jan 13 06:48 : player: played "Stay.mp3"
Jan 13 06:51 : player: played "Stay.mp3"
Jan 13 06:53 : player: played "Stay.mp3"
Jan 13 06:57 : player: played "we'll meet again.mp3"
Jan 13 07:03 : player: played "why we lose.mp3"
Jan 13 07:10 : player: played "Feel good.mp3"
Jan 13 07:13 : player: played "Feel good.mp3"
Jan 13 07:16 : player: played "Feel good.mp3"
Jan 13 07:20 : player: played "Heroes-tonight.mp3"
Jan 13 07:23 : player: played "Heroes-tonight.mp3"
Jan 13 07:26 : player: played "Heroes-tonight.mp3"
Jan 13 07:33 : player: played "On&on.mp3"
Jan 13 07:36 : player: played "On&on.mp3"
Jan 13 07:40 : player: played "On&on.mp3"
Jan 13 07:43 : player: played "On&on.mp3"
Jan 13 07:47 : player: played "On&on.mp3"
Jan 13 07:50 : player: played "On&on.mp3"
Jan 13 07:54 : player: played "On&on.mp3"
Jan 13 07:57 : player: played "On&on.mp3"
Jan 13 08:01 : player: played "On&on.mp3"
Jan 13 08:04 : player: played "On&on.mp3"
Jan 13 08:08 : player: played "On&on.mp3"
Jan 13 08:11 : player: played "On&on.mp3"
Jan 13 08:15 : player: played "On&on.mp3"
Jan 13 08:18 : player: played "On&on.mp3"
Jan 13 08:22 : player: played "On&on.mp3"
Jan 13 08:25 : player: played "On&on.mp3"
Jan 13 08:28 : player: played "On&on.mp3"
Jan 13 08:32 : player: played "On&on.mp3"
Jan 13 08:35 : player: played "On&on.mp3"
Jan 13 08:39 : player: played "On&on.mp3"
Jan 13 08:42 : player: played "On&on.mp3"
Jan 13 08:46 : player: played "On&on.mp3"
Jan 13 08:49 : player: played "On&on.mp3"
Jan 13 08:52 : player: played "Stay.mp3"
Jan 13 08:53 : player: played "Stay.mp3"
Jan 13 08:56 : player: played "Stay.mp3"
Jan 13 08:58 : player: played "Stay.mp3"
Jan 13 09:00 : player: played "Stay.mp3"
Jan 13 09:03 : player: played "Stay.mp3"
Jan 13 09:05 : player: played "Stay.mp3"
Jan 13 09:07 : player: played "Stay.mp3"
Jan 13 09:10 : player: played "Stay.mp3"
Jan 13 09:12 : player: played "Stay.mp3"
Jan 13 09:14 : player: played "Stay.mp3"
Jan 13 09:17 : player: played "Stay.mp3"
Jan 13 09:19 : player: played "Stay.mp3"
Jan 13 09:21 : player: played "Stay.mp3"
Jan 13 09:24 : player: played "Stay.mp3"
Jan 13 09:26 : player: played "Stay.mp3"
Jan 13 09:29 : player: played "Stay.mp3"
Jan 13 09:31 : player: played "Stay.mp3"
Jan 13 09:33 : player: played "Stay.mp3"
Jan 13 09:36 : player: played "Stay.mp3"
Jan 13 09:38 : player: played "Stay.mp3"
Jan 13 09:40 : player: played "Stay.mp3"
Jan 13 09:59 : player: played "Stay.mp3"
Jan 13 10:02 : player: played "Stay.mp3"
Jan 13 10:04 : player: played "Stay.mp3"
Jan 13 10:06 : player: played "Stay.mp3"
Jan 13 10:09 : player: played "Stay.mp3"
Jan 13 10:11 : player: played "Stay.mp3"
Jan 13 10:13 : player: played "Stay.mp3"
Jan 13 10:16 : player: played "Stay.mp3"
Jan 13 10:18 : player: played "Stay.mp3"
Jan 13 10:20 : player: played "Stay.mp3"
Jan 13 10:23 : player: played "Stay.mp3"
Jan 13 10:50 : player: played "Stay.mp3"
Jan 13 10:53 : player: played "Stay.mp3"
Jan 13 10:55 : player: played "Stay.mp3"
Jan 13 10:57 : player: played "Stay.mp3"
Jan 13 11:00 : player: played "Stay.mp3"
Jan 13 11:02 : player: played "Stay.mp3"
Jan 13 11:04 : player: played "Stay.mp3"
Jan 13 11:07 : player: played "Stay.mp3"
Jan 13 11:09 : player: played "Stay.mp3"
Jan 13 11:11 : player: played "Stay.mp3"
Jan 13 11:14 : player: played "Stay.mp3"
Jan 13 11:16 : player: played "Stay.mp3"
Jan 13 11:18 : player: played "Stay.mp3"
Jan 13 11:21 : player: played "Stay.mp3"
Jan 13 11:22 : player: played "Stay.mp3"
Jan 13 11:46 : player: played "Stay.mp3"
Jan 13 11:48 : player: played "Stay.mp3"
Jan 13 11:50 : player: played "Stay.mp3"
Jan 13 11:53 : player: played "Stay.mp3"
Jan 13 11:55 : player: played "Stay.mp3"
Jan 13 11:57 : player: played "Stay.mp3"
Jan 13 12:00 : player: played "Stay.mp3"
Jan 13 12:02 : player: played "Stay.mp3"
Jan 13 12:04 : player: played "Stay.mp3"
Jan 13 12:07 : player: played "Stay.mp3"
Jan 13 12:35 : player: played "we'll meet again.mp3"
Jan 13 12:38 : player: played "we'll meet again.mp3"
Jan 13 12:41 : player: played "we'll meet again.mp3"
Jan 13 12:45 : player: played "why we lose.mp3"
Jan 13 12:49 : player: played "why we lose.mp3"
Jan 13 12:52 : player: played "why we lose.mp3"
Jan 13 12:56 : player: played "why we lose.mp3"
Jan 13 12:59 : player: played "why we lose.mp3"
Jan 13 13:03 : player: played "why we lose.mp3"
Jan 13 13:06 : player: played "why we lose.mp3"
Jan 13 13:10 : player: played "why we lose.mp3"
Jan 13 13:13 : player: played "why we lose.mp3"
Jan 13 13:17 : player: played "why we lose.mp3"
Jan 13 13:21 : player: played "why we lose.mp3"
Jan 13 13:24 : player: played "why we lose.mp3"
Jan 13 13:28 : player: played "why we lose.mp3"
Jan 13 13:31 : player: played "why we lose.mp3"
Jan 13 13:37 : player: played "Feel good.mp3"
Jan 13 13:40 : player: played "Feel good.mp3"
Jan 13 13:43 : player: played "Feel good.mp3"
Jan 13 13:46 : player: played "Feel good.mp3"
Jan 13 13:49 : player: played "Feel good.mp3"
Jan 13 13:52 : player: played "Feel good.mp3"
Jan 13 13:55 : player: played "Feel good.mp3"
Jan 13 13:58 : player: played "Feel good.mp3"
Jan 13 13:59 : player: played "Heroes-tonight.mp3"
Jan 14 08:00 : player: played "Heroes-tonight.mp3"
Jan 14 08:08 : player: played "Stay.mp3"
Jan 14 08:10 : player: played "Stay.mp3"
Jan 14 08:13 : player: played "Stay.mp3"
Jan 14 08:13 : player: played "Stay.mp3"
Jan 15 02:38 : player: played "Stay.mp3"
Jan 15 02:43 : player: played "Heroes-tonight.mp3"
Jan 15 02:47 : player: played "On&on.mp3"
Jan 15 02:52 : player: played "Stay.mp3"
Jan 15 02:54 : player: played "Stay.mp3"
Jan 15 02:57 : player: played "Stay.mp3"
Jan 15 02:59 : player: played "Stay.mp3"
Jan 15 03:01 : player: played "Stay.mp3"
Jan 15 03:04 : player: played "Stay.mp3"
Jan 15 03:09 : player: played "why we lose.mp3"
Jan 15 03:13 : player: played "why we lose.mp3"
Jan 15 03:16 : player: played "why we lose.mp3"
Jan 15 03:21 : player: played "your new boyfriend.mp3"
Jan 15 03:25 : player: played "your new boyfriend.mp3"
Jan 15 03:42 : player: played "Heroes-tonight.mp3"
Jan 15 03:46 : player: played "Heroes-tonight.mp3"
Jan 15 03:49 : player: played "Heroes-tonight.mp3"
Jan 15 03:53 : player: played "Heroes-tonight.mp3"
Jan 15 03:56 : player: played "Heroes-tonight.mp3"
Jan 15 04:00 : player: played "Heroes-tonight.mp3"
Jan 15 04:03 : player: played "Heroes-tonight.mp3"
Jan 15 04:07 : player: played "Heroes-tonight.mp3"
Jan 15 04:12 : player: played "On&on.mp3"
Jan 15 04:16 : player: played "On&on.mp3"
Jan 15 04:18 : player: played "Stay.mp3"
Jan 15 04:21 : player: played "Stay.mp3"
Jan 15 04:23 : player: played "Stay.mp3"
Jan 15 04:25 : player: played "Stay.mp3"
Jan 15 04:28 : player: played "Stay.mp3"
Jan 15 04:42 : player: played "Stay.mp3"
Jan 15 06:14 : player: played "Stay.mp3"
Jan 15 12:21 : player: played "Stay.mp3"
Jan 15 12:26 : player: played "the calling.mp3"
Jan 15 12:30 : player: played "the calling.mp3"
Jan 15 12:33 : player: played "we'll meet again.mp3"
Jan 15 12:36 : player: played "we'll meet again.mp3"
Jan 15 12:40 : player: played "we'll meet again.mp3"
Jan 15 12:43 : player: played "we'll meet again.mp3"
Jan 15 12:46 : player: played "we'll meet again.mp3"
Jan 15 12:50 : player: played "we'll meet again.mp3"
Jan 15 12:53 : player: played "we'll meet again.mp3"
Jan 15 12:57 : player: played "we'll meet again.mp3"
Jan 15 13:01 : player: played "why we lose.mp3"
Jan 15 13:04 : player: played "your new boyfriend.mp3"
Jan 15 13:10 : player: played "On&on.mp3"
Jan 15 13:12 : player: played "On&on.mp3"
Jan 15 13:12 : player: played "On&on.mp3"
Jan 15 13:12 : player: played "On&on.mp3"
Jan 16 03:07 : player: played "On&on.mp3"
Jan 16 03:10 : player: played "On&on.mp3"
Jan 16 03:14 : player: played "On&on.mp3"
Jan 16 03:17 : player: played "On&on.mp3"
Jan 16 03:29 : player: played "why we lose.mp3"
Jan 16 03:32 : player: played "why we lose.mp3"
Jan 16 03:36 : player: played "why we lose.mp3"
Jan 16 03:54 : player: played "why we lose.mp3"
Jan 16 03:54 : player: played "why we lose.mp3"
Jan 16 06:46 : player: played "Heroes-tonight.mp3"
Jan 16 07:08 : player: played "Heroes-tonight.mp3"
Jan 16 07:12 : player: played "Heroes-tonight.mp3"
Jan 16 07:15 : player: played "Heroes-tonight.mp3"
Jan 16 07:19 : player: played "Heroes-tonight.mp3"
Jan 16 07:22 : player: played "Heroes-tonight.mp3"
Jan 16 07:26 : player: played "Heroes-tonight.mp3"
Jan 16 07:29 : player: played "Heroes-tonight.mp3"
Jan 16 07:33 : player: played "Heroes-tonight.mp3"
Jan 16 07:36 : player: played "Heroes-tonight.mp3"
Jan 16 07:40 : player: played "Heroes-tonight.mp3"
Jan 16 07:43 : player: played "Heroes-tonight.mp3"
Jan 16 07:44 : player: played "Heroes-tonight.mp3"
Jan 16 07:48 : player: played "Heroes-tonight.mp3"
Jan 16 07:52 : player: played "Heroes-tonight.mp3"
Jan 16 07:55 : player: played "Heroes-tonight.mp3"
Jan 16 07:59 : player: played "Heroes-tonight.mp3"
Jan 16 08:02 : player: played "Heroes-tonight.mp3"
Jan 16 08:06 : player: played "Heroes-tonight.mp3"
Jan 16 08:09 : player: played "Heroes-tonight.mp3"
Jan 16 08:13 : player: played "Heroes-tonight.mp3"
Jan 16 08:16 : player: played "Heroes-tonight.mp3"
Jan 16 08:20 : player: played "Heroes-tonight.mp3"
Jan 16 08:25 : player: played "Stay.mp3"
Jan 16 08:27 : player: played "Stay.mp3"
Jan 16 08:30 : player: played "Stay.mp3"
Jan 16 08:32 : player: played "Stay.mp3"
Jan 16 08:34 : player: played "Stay.mp3"
Jan 16 08:37 : player: played "Stay.mp3"
Jan 16 08:39 : player: played "Stay.mp3"
Jan 16 08:41 : player: played "Stay.mp3"
Jan 16 08:44 : player: played "Stay.mp3"
Jan 16 08:48 : player: played "why we lose.mp3"
Jan 16 08:52 : player: played "why we lose.mp3"
Jan 16 08:57 : player: played "Heroes-tonight.mp3"
Jan 16 09:01 : player: played "Heroes-tonight.mp3"
Jan 16 09:04 : player: played "Heroes-tonight.mp3"
Jan 16 09:11 : player: played "On&on.mp3"
Jan 16 09:15 : player: played "On&on.mp3"
Jan 16 09:18 : player: played "On&on.mp3"
Jan 16 09:22 : player: played "On&on.mp3"
Jan 16 09:25 : player: played "On&on.mp3"
Jan 16 09:29 : player: played "On&on.mp3"
Jan 16 09:32 : player: played "On&on.mp3"
Jan 16 09:36 : player: played "On&on.mp3"
Jan 16 09:39 : player: played "On&on.mp3"
Jan 16 09:42 : player: played "Stay.mp3"
Jan 16 09:44 : player: played "Stay.mp3"
Jan 16 09:47 : player: played "Stay.mp3"
Jan 16 09:49 : player: played "Stay.mp3"
Jan 16 09:51 : player: played "Stay.mp3"
Jan 16 09:54 : player: played "Stay.mp3"
Jan 16 09:56 : player: played "Stay.mp3"
Jan 16 09:58 : player: played "Stay.mp3"
Jan 16 10:01 : player: played "Stay.mp3"
Jan 16 10:03 : player: played "Stay.mp3"
Jan 16 10:05 : player: played "Stay.mp3"
Jan 16 10:08 : player: played "Stay.mp3"
Jan 16 10:10 : player: played "Stay.mp3"
Jan 16 10:12 : player: played "Stay.mp3"
Jan 16 10:15 : player: played "Stay.mp3"
Jan 16 10:17 : player: played "Stay.mp3"
Jan 16 10:19 : player: played "Stay.mp3"
Jan 16 10:22 : player: played "Stay.mp3"
Jan 16 10:24 : player: played "Stay.mp3"
Jan 16 10:26 : player: played "Stay.mp3"
Jan 16 10:29 : player: played "Stay.mp3"
Jan 16 10:31 : player: played "Stay.mp3"
Jan 16 10:33 : player: played "Stay.mp3"
Jan 16 10:36 : player: played "Stay.mp3"
Jan 16 10:38 : player: played "Stay.mp3"
Jan 16 10:40 : player: played "Stay.mp3"
Jan 16 10:43 : player: played "Stay.mp3"
Jan 16 10:45 : player: played "Stay.mp3"
Jan 16 10:47 : player: played "Stay.mp3"
Jan 16 10:50 : player: played "Stay.mp3"
Jan 16 10:52 : player: played "Stay.mp3"
Jan 16 10:54 : player: played "Stay.mp3"
Jan 16 10:57 : player: played "Stay.mp3"
Jan 16 10:59 : player: played "Stay.mp3"
Jan 16 11:01 : player: played "Stay.mp3"
Jan 16 11:04 : player: played "Stay.mp3"
Jan 16 11:06 : player: played "Stay.mp3"
Jan 16 11:08 : player: played "Stay.mp3"
Jan 16 11:11 : player: played "Stay.mp3"
Jan 16 11:13 : player: played "Stay.mp3"
Jan 16 11:15 : player: played "Stay.mp3"
Jan 16 11:18 : player: played "Stay.mp3"
Jan 16 11:20 : player: played "Stay.mp3"
Jan 16 11:22 : player: played "Stay.mp3"
Jan 16 11:25 : player: played "Stay.mp3"
Jan 16 11:27 : player: played "Stay.mp3"
Jan 16 11:29 : player: played "Stay.mp3"
Jan 16 11:32 : player: played "Stay.mp3"
Jan 16 11:34 : player: played "Stay.mp3"
Jan 16 11:36 : player: played "Stay.mp3"
Jan 16 11:39 : player: played "Stay.mp3"
Jan 16 11:41 : player: played "Stay.mp3"
Jan 16 11:43 : player: played "Stay.mp3"
Jan 16 11:44 : player: played "Stay.mp3"
Jan 16 11:46 : player: played "Stay.mp3"
Jan 16 22:40 : player: played "we'll meet again.mp3"
Jan 16 22:43 : player: played "we'll meet again.mp3"
Jan 16 22:46 : player: played "we'll meet again.mp3"
Jan 16 22:49 : player: played "we'll meet again.mp3"
Jan 16 22:53 : player: played "we'll meet again.mp3"
Jan 16 22:56 : player: played "we'll meet again.mp3"
Jan 16 22:59 : player: played "we'll meet again.mp3"
Jan 16 23:03 : player: played "we'll meet again.mp3"
Jan 16 23:06 : player: played "we'll meet again.mp3"
Jan 16 23:09 : player: played "we'll meet again.mp3"
Jan 16 23:12 : player: played "we'll meet again.mp3"
Jan 16 23:16 : player: played "we'll meet again.mp3"
Jan 16 23:19 : player: played "we'll meet again.mp3"
Jan 16 23:22 : player: played "we'll meet again.mp3"
Jan 16 23:25 : player: played "we'll meet again.mp3"
Jan 16 23:28 : player: played "we'll meet again.mp3"
Jan 17 00:30 : player: played "we'll meet again.mp3"
Jan 17 00:34 : player: played "we'll meet again.mp3"
Jan 17 00:37 : player: played "we'll meet again.mp3"
Jan 17 00:40 : player: played "we'll meet again.mp3"
Jan 17 00:43 : player: played "we'll meet again.mp3"
Jan 17 00:47 : player: played "we'll meet again.mp3"
Jan 17 00:50 : player: played "we'll meet again.mp3"
Jan 17 00:53 : player: played "we'll meet again.mp3"
Jan 17 00:56 : player: played "we'll meet again.mp3"
Jan 17 01:00 : player: played "we'll meet again.mp3"
Jan 17 01:03 : player: played "we'll meet again.mp3"
Jan 17 01:06 : player: played "we'll meet again.mp3"
Jan 17 01:09 : player: played "we'll meet again.mp3"
Jan 17 01:13 : player: played "we'll meet again.mp3"
Jan 17 01:16 : player: played "we'll meet again.mp3"
Jan 17 01:16 : player: played "we'll meet again.mp3"
Jan 17 02:41 : player: played "we'll meet again.mp3"
Jan 17 02:51 : player: played "Heroes-tonight.mp3"
Jan 17 02:54 : player: played "Heroes-tonight.mp3"
Jan 17 02:58 : player: played "Heroes-tonight.mp3"
Jan 17 03:01 : player: played "Heroes-tonight.mp3"
Jan 17 03:05 : player: played "Heroes-tonight.mp3"
Jan 17 03:08 : player: played "Heroes-tonight.mp3"
Jan 17 03:12 : player: played "Heroes-tonight.mp3"
Jan 17 03:15 : player: played "Heroes-tonight.mp3"
Jan 17 03:19 : player: played "Heroes-tonight.mp3"
Jan 17 03:24 : player: played "On&on.mp3"
Jan 17 03:27 : player: played "On&on.mp3"
Jan 17 03:35 : player: played "Stay.mp3"
Jan 17 03:37 : player: played "Stay.mp3"
Jan 17 03:39 : player: played "Stay.mp3"
Jan 17 03:42 : player: played "Stay.mp3"
Jan 17 03:44 : player: played "Stay.mp3"
Jan 17 03:46 : player: played "Stay.mp3"
Jan 17 03:49 : player: played "Stay.mp3"
Jan 17 03:51 : player: played "Stay.mp3"
Jan 17 03:53 : player: played "Stay.mp3"
Jan 17 03:56 : player: played "Stay.mp3"
Jan 17 03:58 : player: played "Stay.mp3"
Jan 17 04:00 : player: played "Stay.mp3"
Jan 17 04:04 : player: played "we'll meet again.mp3"
Jan 17 04:07 : player: played "we'll meet again.mp3"
Jan 17 04:10 : player: played "we'll meet again.mp3"
Jan 17 04:14 : player: played "we'll meet again.mp3"
Jan 17 04:16 : player: played "we'll meet again.mp3"
Jan 17 04:17 : player: played "we'll meet again.mp3"
Jan 17 04:53 : player: played "your new boyfriend.mp3"
Jan 17 04:58 : player: played "Feel good.mp3"
Jan 17 05:01 : player: played "Heroes-tonight.mp3"
Jan 17 05:05 : player: played "Heroes-tonight.mp3"
Jan 17 05:08 : player: played "Heroes-tonight.mp3"
Jan 17 05:12 : player: played "Heroes-tonight.mp3"
Jan 17 05:15 : player: played "Heroes-tonight.mp3"
Jan 17 05:42 : player: played "On&on.mp3"
Jan 17 05:46 : player: played "On&on.mp3"
Jan 17 05:51 : player: played "On&on.mp3"
Jan 17 07:39 : player: played "On&on.mp3"
Jan 17 07:52 : player: played "On&on.mp3"
Jan 17 08:14 : player: played "jumble.mp3"
Jan 17 08:14 : update: added /Fly me to the moon.mp3
Jan 17 08:14 : update: added /rickroll.mp3
Jan 17 08:14 : update: added /Gangsta paradise.mp3
Jan 17 08:14 : update: updating /Feel good.mp3
Jan 17 08:14 : update: added /old town road.mp3
Jan 17 08:14 : update: added /Face off.mp3
Jan 17 08:24 : player: played "old town road.mp3"
Jan 17 08:27 : player: played "On&on.mp3"
Jan 17 08:35 : player: played "Feel good.mp3"
ALSA lib pcm_dmix.c:1032:(snd_pcm_dmix_open) unable to open slave
Jan 17 08:37 : exception: Failed to open "MySound" (alsa); Failed to open ALSA device "default": Device or resource busy
ALSA lib pcm_dmix.c:1032:(snd_pcm_dmix_open) unable to open slave
Jan 17 08:37 : exception: Failed to open "MySound" (alsa); Failed to open ALSA device "default": Device or resource busy
ALSA lib pcm_dmix.c:1032:(snd_pcm_dmix_open) unable to open slave
Jan 17 08:37 : exception: Failed to open "MySound" (alsa); Failed to open ALSA device "default": Device or resource busy
ALSA lib pcm_dmix.c:1032:(snd_pcm_dmix_open) unable to open slave
Jan 17 08:37 : exception: Failed to open "MySound" (alsa); Failed to open ALSA device "default": Device or resource busy
Jan 17 08:37 : player: played "Fly me to the moon.mp3"
Jan 17 08:37 : update: updating /Feel good.mp3
Jan 17 08:41 : player: played "Feel good.mp3"
Jan 17 08:44 : player: played "Fly me to the moon.mp3"
Jan 17 08:52 : player: played "Face off.mp3"
Jan 17 08:55 : player: played "Feel good.mp3"
Jan 17 09:09 : player: played "Face off.mp3"
Jan 17 09:12 : player: played "Feel good.mp3"
Jan 17 09:15 : player: played "Fly me to the moon.mp3"
Jan 17 09:19 : player: played "Gangsta paradise.mp3"
Jan 17 09:23 : player: played "Heroes-tonight.mp3"
Jan 17 09:26 : player: played "jumble.mp3"
Jan 17 09:28 : player: played "NAW NAW.mp3"
Jan 17 09:30 : player: played "old town road.mp3"
Jan 17 09:34 : player: played "On&on.mp3"
Jan 17 09:37 : player: played "rickroll.mp3"
Jan 17 09:40 : player: played "Stay.mp3"
Jan 17 09:44 : player: played "the calling.mp3"
Jan 17 09:47 : player: played "we'll meet again.mp3"
Jan 17 09:50 : player: played "why we lose.mp3"
Jan 17 09:54 : player: played "your new boyfriend.mp3"
Jan 17 10:01 : player: played "Feel good.mp3"
Jan 17 10:04 : player: played "Fly me to the moon.mp3"
Jan 17 10:07 : player: played "Fly me to the moon.mp3"
Jan 17 10:11 : player: played "Fly me to the moon.mp3"
Jan 17 10:14 : player: played "Fly me to the moon.mp3"
Jan 17 10:21 : player: played "Face off.mp3"
Jan 17 10:25 : player: played "Face off.mp3"
Jan 17 10:26 : player: played "Face off.mp3"
Jan 18 04:28 : player: played "Face off.mp3"
Jan 18 04:31 : player: played "Feel good.mp3"
Jan 18 04:34 : player: played "Feel good.mp3"
Jan 18 04:37 : player: played "Feel good.mp3"
ALSA lib pcm_dmix.c:1032:(snd_pcm_dmix_open) unable to open slave
Jan 18 04:38 : exception: Failed to open "MySound" (alsa); Failed to open ALSA device "default": Device or resource busy
Jan 18 04:40 : player: played "Feel good.mp3"
Jan 18 04:45 : player: played "Feel good.mp3"
Jan 18 05:17 : player: played "Feel good.mp3"
Jan 18 05:20 : player: played "Feel good.mp3"
Jan 18 05:25 : player: played "Fly me to the moon.mp3"
Jan 18 05:29 : player: played "Heroes-tonight.mp3"
Jan 18 05:33 : player: played "Heroes-tonight.mp3"
Jan 18 05:36 : player: played "Heroes-tonight.mp3"
Jan 18 05:40 : player: played "Heroes-tonight.mp3"
Jan 18 05:43 : player: played "Heroes-tonight.mp3"
Jan 18 06:24 : player: played "Gangsta paradise.mp3"
Jan 18 07:30 : player: played "Gangsta paradise.mp3"
Jan 18 07:33 : player: played "Heroes-tonight.mp3"
Jan 18 07:37 : player: played "Heroes-tonight.mp3"
Jan 18 07:41 : player: played "Heroes-tonight.mp3"
Jan 18 07:45 : player: played "Heroes-tonight.mp3"
Jan 18 07:48 : player: played "Stay.mp3"
Jan 18 07:50 : player: played "Stay.mp3"
Jan 18 07:52 : player: played "Stay.mp3"
Jan 18 07:55 : player: played "Stay.mp3"
Jan 18 07:59 : player: played "the calling.mp3"
Jan 18 08:03 : player: played "the calling.mp3"
Jan 18 08:09 : player: played "we'll meet again.mp3"
Jan 18 08:12 : player: played "we'll meet again.mp3"
Jan 18 08:15 : player: played "we'll meet again.mp3"
Jan 18 08:19 : player: played "we'll meet again.mp3"
Jan 18 08:23 : player: played "Fly me to the moon.mp3"
Jan 18 08:26 : player: played "Fly me to the moon.mp3"
Jan 18 08:30 : player: played "Fly me to the moon.mp3"
Jan 18 08:33 : player: played "Fly me to the moon.mp3"
Jan 18 08:36 : player: played "Fly me to the moon.mp3"
Jan 18 08:39 : player: played "Fly me to the moon.mp3"
Jan 18 08:43 : player: played "Fly me to the moon.mp3"
Jan 18 08:46 : player: played "Fly me to the moon.mp3"
Jan 18 08:49 : player: played "Fly me to the moon.mp3"
Jan 18 08:52 : player: played "Fly me to the moon.mp3"
Jan 18 08:56 : player: played "Fly me to the moon.mp3"
Jan 18 08:59 : player: played "Fly me to the moon.mp3"
Jan 18 09:02 : player: played "Fly me to the moon.mp3"
Jan 18 09:05 : player: played "Fly me to the moon.mp3"
Jan 18 09:09 : player: played "Fly me to the moon.mp3"
Jan 18 09:12 : player: played "Fly me to the moon.mp3"
Jan 18 09:15 : player: played "Fly me to the moon.mp3"
Jan 18 09:18 : player: played "Fly me to the moon.mp3"
Jan 18 09:22 : player: played "Fly me to the moon.mp3"
Jan 18 09:25 : player: played "Heroes-tonight.mp3"
Jan 18 09:29 : player: played "Heroes-tonight.mp3"
Jan 18 09:32 : player: played "Heroes-tonight.mp3"
Jan 18 09:36 : player: played "Heroes-tonight.mp3"
Jan 18 09:39 : player: played "Heroes-tonight.mp3"
Jan 18 09:43 : player: played "Heroes-tonight.mp3"
Jan 18 09:46 : player: played "Heroes-tonight.mp3"
Jan 18 09:50 : player: played "Heroes-tonight.mp3"
Jan 18 09:53 : player: played "Heroes-tonight.mp3"
Jan 18 09:57 : player: played "Heroes-tonight.mp3"
Jan 18 10:00 : player: played "Heroes-tonight.mp3"
Jan 18 10:03 : player: played "Heroes-tonight.mp3"
Jan 18 10:10 : player: played "old town road.mp3"
Jan 18 10:15 : player: played "Stay.mp3"
Jan 18 10:17 : player: played "Stay.mp3"
Jan 18 10:20 : player: played "Stay.mp3"
Jan 18 10:22 : player: played "Stay.mp3"
Jan 18 10:24 : player: played "Stay.mp3"
Jan 18 10:27 : player: played "Stay.mp3"
Jan 18 10:29 : player: played "Stay.mp3"
Jan 18 10:31 : player: played "Stay.mp3"
Jan 18 10:34 : player: played "Stay.mp3"
Jan 18 10:36 : player: played "Stay.mp3"
Jan 18 10:38 : player: played "Stay.mp3"
Jan 18 10:41 : player: played "Stay.mp3"
Jan 18 10:43 : player: played "Stay.mp3"
Jan 18 10:45 : player: played "Stay.mp3"
Jan 18 10:52 : player: played "Face off.mp3"
Jan 18 10:56 : player: played "Face off.mp3"
Jan 18 11:01 : player: played "Feel good.mp3"
Jan 18 11:04 : player: played "Feel good.mp3"
Jan 18 11:07 : player: played "Fly me to the moon.mp3"
Jan 18 11:11 : player: played "Fly me to the moon.mp3"
Jan 18 11:14 : player: played "Fly me to the moon.mp3"
Jan 18 11:17 : player: played "Fly me to the moon.mp3"
Jan 18 11:20 : player: played "Fly me to the moon.mp3"
Jan 18 11:24 : player: played "Fly me to the moon.mp3"
Jan 18 11:27 : player: played "Fly me to the moon.mp3"
Jan 18 11:30 : player: played "Fly me to the moon.mp3"
Jan 18 11:33 : player: played "Fly me to the moon.mp3"
Jan 18 11:37 : player: played "Fly me to the moon.mp3"
Jan 18 11:40 : player: played "Fly me to the moon.mp3"
Jan 18 11:43 : player: played "Fly me to the moon.mp3"
Jan 18 11:46 : player: played "Fly me to the moon.mp3"
Jan 18 11:50 : player: played "Fly me to the moon.mp3"
Jan 18 11:53 : player: played "Fly me to the moon.mp3"
Jan 18 11:56 : player: played "Fly me to the moon.mp3"
Jan 18 11:59 : player: played "Fly me to the moon.mp3"
Jan 18 12:03 : player: played "Fly me to the moon.mp3"
Jan 18 12:06 : player: played "Fly me to the moon.mp3"
Jan 18 12:09 : player: played "Fly me to the moon.mp3"
Jan 18 12:12 : player: played "Fly me to the moon.mp3"
Jan 18 12:16 : player: played "Fly me to the moon.mp3"


